\BOOKMARK [0][-]{chapter*.1}{\376\377\000A\000b\000s\000t\000r\000a\000c\000t}{}% 1
\BOOKMARK [0][-]{chapter.1}{\376\377\000I\000n\000t\000r\000o\000d\000u\000c\000t\000i\000o\000n}{}% 2
\BOOKMARK [1][-]{section.1.1}{\376\377\000C\000o\000n\000t\000e\000x\000t\000:\000\040\000F\000o\000r\000m\000u\000l\000a\000\040\000S\000t\000u\000d\000e\000n\000t\000\040\000D\000r\000i\000v\000e\000r\000l\000e\000s\000s}{chapter.1}% 3
\BOOKMARK [1][-]{section.1.2}{\376\377\000P\000r\000o\000b\000l\000e\000m\000\040\000S\000t\000a\000t\000e\000m\000e\000n\000t}{chapter.1}% 4
\BOOKMARK [1][-]{section.1.3}{\376\377\000O\000b\000j\000e\000c\000t\000i\000v\000e\000s}{chapter.1}% 5
\BOOKMARK [1][-]{section.1.4}{\376\377\000C\000o\000n\000t\000r\000i\000b\000u\000t\000i\000o\000n\000s}{chapter.1}% 6
\BOOKMARK [0][-]{chapter.2}{\376\377\000B\000a\000c\000k\000g\000r\000o\000u\000n\000d}{}% 7
\BOOKMARK [1][-]{section.2.1}{\376\377\000O\000b\000j\000e\000c\000t\000\040\000D\000e\000t\000e\000c\000t\000i\000o\000n\000\040\000w\000i\000t\000h\000\040\000Y\000O\000L\000O}{chapter.2}% 8
\BOOKMARK [2][-]{subsection.2.1.1}{\376\377\000Y\000O\000L\000O\0001\0001}{section.2.1}% 9
\BOOKMARK [2][-]{subsection.2.1.2}{\376\377\000Y\000O\000L\000O\0001\0002}{section.2.1}% 10
\BOOKMARK [2][-]{subsection.2.1.3}{\376\377\000Y\000O\000L\000O\0002\0006}{section.2.1}% 11
\BOOKMARK [1][-]{section.2.2}{\376\377\000T\000r\000a\000n\000s\000f\000e\000r\000\040\000L\000e\000a\000r\000n\000i\000n\000g\000\040\000a\000n\000d\000\040\000C\000a\000t\000a\000s\000t\000r\000o\000p\000h\000i\000c\000\040\000F\000o\000r\000g\000e\000t\000t\000i\000n\000g}{chapter.2}% 12
\BOOKMARK [1][-]{section.2.3}{\376\377\000M\000o\000d\000e\000l\000\040\000O\000p\000t\000i\000m\000i\000z\000a\000t\000i\000o\000n\000\040\000f\000o\000r\000\040\000E\000d\000g\000e\000\040\000D\000e\000p\000l\000o\000y\000m\000e\000n\000t}{chapter.2}% 13
\BOOKMARK [1][-]{section.2.4}{\376\377\000F\000o\000r\000m\000u\000l\000a\000\040\000S\000t\000u\000d\000e\000n\000t\000\040\000D\000r\000i\000v\000e\000r\000l\000e\000s\000s\000\040\000P\000e\000r\000c\000e\000p\000t\000i\000o\000n}{chapter.2}% 14
\BOOKMARK [1][-]{section.2.5}{\376\377\000R\000e\000l\000a\000t\000e\000d\000\040\000W\000o\000r\000k}{chapter.2}% 15
\BOOKMARK [0][-]{chapter.3}{\376\377\000M\000e\000t\000h\000o\000d\000s}{}% 16
\BOOKMARK [1][-]{section.3.1}{\376\377\000E\000x\000p\000e\000r\000i\000m\000e\000n\000t\000a\000l\000\040\000S\000e\000t\000u\000p}{chapter.3}% 17
\BOOKMARK [1][-]{section.3.2}{\376\377\000D\000a\000t\000a\000s\000e\000t\000s}{chapter.3}% 18
\BOOKMARK [2][-]{subsection.3.2.1}{\376\377\000F\000S\000O\000C\000O\000-\0001\0002}{section.3.2}% 19
\BOOKMARK [2][-]{subsection.3.2.2}{\376\377\000c\000o\000n\000e\000-\000d\000e\000t\000e\000c\000t\000o\000r}{section.3.2}% 20
\BOOKMARK [2][-]{subsection.3.2.3}{\376\377\000f\000s\000o\000c\000o\000-\000u\000b\000m\000:\000\040\000R\000e\000a\000l\000-\000W\000o\000r\000l\000d\000\040\000T\000e\000s\000t\000\040\000S\000e\000t}{section.3.2}% 21
\BOOKMARK [1][-]{section.3.3}{\376\377\000B\000a\000s\000e\000l\000i\000n\000e\000\040\000R\000e\000p\000r\000o\000d\000u\000c\000t\000i\000o\000n}{chapter.3}% 22
\BOOKMARK [1][-]{section.3.4}{\376\377\000H\000y\000p\000e\000r\000p\000a\000r\000a\000m\000e\000t\000e\000r\000\040\000S\000w\000e\000e\000p}{chapter.3}% 23
\BOOKMARK [1][-]{section.3.5}{\376\377\000A\000r\000c\000h\000i\000t\000e\000c\000t\000u\000r\000e\000\040\000E\000v\000a\000l\000u\000a\000t\000i\000o\000n}{chapter.3}% 24
\BOOKMARK [1][-]{section.3.6}{\376\377\000T\000w\000o\000-\000S\000t\000a\000g\000e\000\040\000T\000r\000a\000i\000n\000i\000n\000g\000\040\000S\000t\000r\000a\000t\000e\000g\000y}{chapter.3}% 25
\BOOKMARK [1][-]{section.3.7}{\376\377\000D\000e\000p\000l\000o\000y\000m\000e\000n\000t\000\040\000P\000i\000p\000e\000l\000i\000n\000e}{chapter.3}% 26
\BOOKMARK [0][-]{chapter.4}{\376\377\000R\000e\000s\000u\000l\000t\000s}{}% 27
\BOOKMARK [1][-]{section.4.1}{\376\377\000F\000S\000O\000C\000O\000-\0001\0002\000\040\000B\000e\000n\000c\000h\000m\000a\000r\000k\000\040\000R\000e\000s\000u\000l\000t\000s}{chapter.4}% 28
\BOOKMARK [1][-]{section.4.2}{\376\377\000P\000e\000r\000-\000C\000l\000a\000s\000s\000\040\000A\000n\000a\000l\000y\000s\000i\000s}{chapter.4}% 29
\BOOKMARK [1][-]{section.4.3}{\376\377\000T\000w\000o\000-\000S\000t\000a\000g\000e\000\040\000v\000s\000.\000\040\000S\000i\000n\000g\000l\000e\000-\000S\000t\000a\000g\000e\000\040\000T\000r\000a\000i\000n\000i\000n\000g}{chapter.4}% 30
\BOOKMARK [1][-]{section.4.4}{\376\377\000R\000e\000a\000l\000-\000W\000o\000r\000l\000d\000\040\000V\000a\000l\000i\000d\000a\000t\000i\000o\000n\000\040\000\050\000f\000s\000o\000c\000o\000-\000u\000b\000m\000\051}{chapter.4}% 31
\BOOKMARK [1][-]{section.4.5}{\376\377\000D\000e\000p\000l\000o\000y\000m\000e\000n\000t\000\040\000P\000e\000r\000f\000o\000r\000m\000a\000n\000c\000e}{chapter.4}% 32
\BOOKMARK [0][-]{chapter.5}{\376\377\000C\000o\000n\000c\000l\000u\000s\000i\000o\000n}{}% 33
\BOOKMARK [1][-]{section.5.1}{\376\377\000S\000u\000m\000m\000a\000r\000y\000\040\000o\000f\000\040\000C\000o\000n\000t\000r\000i\000b\000u\000t\000i\000o\000n\000s}{chapter.5}% 34
\BOOKMARK [1][-]{section.5.2}{\376\377\000L\000e\000s\000s\000o\000n\000s\000\040\000L\000e\000a\000r\000n\000e\000d}{chapter.5}% 35
\BOOKMARK [1][-]{section.5.3}{\376\377\000L\000i\000m\000i\000t\000a\000t\000i\000o\000n\000s}{chapter.5}% 36
\BOOKMARK [1][-]{section.5.4}{\376\377\000F\000u\000t\000u\000r\000e\000\040\000W\000o\000r\000k}{chapter.5}% 37
\BOOKMARK [0][-]{appendix.A}{\376\377\000T\000e\000c\000h\000n\000i\000c\000a\000l\000\040\000D\000e\000t\000a\000i\000l\000s}{}% 38
\BOOKMARK [1][-]{section.A.1}{\376\377\000H\000y\000p\000e\000r\000p\000a\000r\000a\000m\000e\000t\000e\000r\000\040\000S\000w\000e\000e\000p\000\040\000C\000o\000n\000f\000i\000g\000u\000r\000a\000t\000i\000o\000n}{appendix.A}% 39
\BOOKMARK [1][-]{section.A.2}{\376\377\000T\000w\000o\000-\000S\000t\000a\000g\000e\000\040\000T\000r\000a\000i\000n\000i\000n\000g\000\040\000H\000y\000p\000e\000r\000p\000a\000r\000a\000m\000e\000t\000e\000r\000s}{appendix.A}% 40
\BOOKMARK [1][-]{section.A.3}{\376\377\000T\000h\000e\000\040\000o\000p\000t\000i\000m\000i\000z\000e\000r\000=\000'\000a\000u\000t\000o\000'\000\040\000B\000u\000g}{appendix.A}% 41
\BOOKMARK [1][-]{section.A.4}{\376\377\000f\000s\000o\000c\000o\000-\000u\000b\000m\000\040\000D\000a\000t\000a\000s\000e\000t\000\040\000C\000r\000e\000a\000t\000i\000o\000n\000\040\000P\000i\000p\000e\000l\000i\000n\000e}{appendix.A}% 42
